<?xml version="1.0" encoding="UTF-8"?>
<testng-results ignored="0" total="3" passed="3" failed="0" skipped="0">
  <reporter-output>
  </reporter-output>
  <suite started-at="2025-03-06T12:55:56 IST" name="Suite" finished-at="2025-03-06T12:56:32 IST" duration-ms="36198">
    <groups>
    </groups>
    <test started-at="2025-03-06T12:55:56 IST" name="Test" finished-at="2025-03-06T12:56:32 IST" duration-ms="36198">
      <class name="DemoMaven.Test1">
        <test-method is-config="true" signature="openbrowser()[pri:0, instance:DemoMaven.Test1@4b41e4dd]" started-at="2025-03-06T12:55:56 IST" name="openbrowser" finished-at="2025-03-06T12:56:03 IST" duration-ms="6986" status="PASS">
          <reporter-output>
          </reporter-output>
        </test-method> <!-- openbrowser -->
        <test-method signature="TestTitle(java.lang.String)[pri:1, instance:DemoMaven.Test1@4b41e4dd]" started-at="2025-03-06T12:56:03 IST" name="TestTitle" data-provider="title" finished-at="2025-03-06T12:56:08 IST" duration-ms="5248" status="PASS">
          <params>
            <param index="0">
              <value>
                <![CDATA[OrangeHRM]]>
              </value>
            </param>
          </params>
          <reporter-output>
          </reporter-output>
        </test-method> <!-- TestTitle -->
        <test-method is-config="true" signature="closebrowser()[pri:0, instance:DemoMaven.Test1@4b41e4dd]" started-at="2025-03-06T12:56:08 IST" name="closebrowser" finished-at="2025-03-06T12:56:09 IST" duration-ms="206" status="PASS">
          <reporter-output>
          </reporter-output>
        </test-method> <!-- closebrowser -->
      </class> <!-- DemoMaven.Test1 -->
      <class name="DemoMaven.Test2">
        <test-method is-config="true" signature="openbrowser()[pri:0, instance:DemoMaven.Test2@4af0df05]" started-at="2025-03-06T12:56:09 IST" name="openbrowser" finished-at="2025-03-06T12:56:15 IST" duration-ms="5684" status="PASS">
          <reporter-output>
          </reporter-output>
        </test-method> <!-- openbrowser -->
        <test-method signature="Testloginbutton(java.lang.String,java.lang.String,java.lang.String)[pri:0, instance:DemoMaven.Test2@4af0df05]" started-at="2025-03-06T12:56:15 IST" name="Testloginbutton" data-provider="dp1" finished-at="2025-03-06T12:56:18 IST" duration-ms="2394" status="PASS">
          <params>
            <param index="0">
              <value>
                <![CDATA[Admin]]>
              </value>
            </param>
            <param index="1">
              <value>
                <![CDATA[admin123]]>
              </value>
            </param>
            <param index="2">
              <value>
                <![CDATA[Dashboard]]>
              </value>
            </param>
          </params>
          <reporter-output>
          </reporter-output>
        </test-method> <!-- Testloginbutton -->
        <test-method is-config="true" signature="closebrowser()[pri:0, instance:DemoMaven.Test2@4af0df05]" started-at="2025-03-06T12:56:18 IST" name="closebrowser" finished-at="2025-03-06T12:56:23 IST" duration-ms="5225" status="PASS">
          <reporter-output>
          </reporter-output>
        </test-method> <!-- closebrowser -->
      </class> <!-- DemoMaven.Test2 -->
      <class name="DemoMaven.Test3">
        <test-method is-config="true" signature="openbrowser()[pri:0, instance:DemoMaven.Test3@57ea113a]" started-at="2025-03-06T12:56:23 IST" name="openbrowser" finished-at="2025-03-06T12:56:28 IST" duration-ms="5246" status="PASS">
          <reporter-output>
          </reporter-output>
        </test-method> <!-- openbrowser -->
        <test-method signature="TestMenu()[pri:0, instance:DemoMaven.Test3@57ea113a]" started-at="2025-03-06T12:56:28 IST" name="TestMenu" finished-at="2025-03-06T12:56:32 IST" duration-ms="3960" status="PASS">
          <reporter-output>
          </reporter-output>
        </test-method> <!-- TestMenu -->
        <test-method is-config="true" signature="closebrowser()[pri:0, instance:DemoMaven.Test3@57ea113a]" started-at="2025-03-06T12:56:32 IST" name="closebrowser" finished-at="2025-03-06T12:56:32 IST" duration-ms="176" status="PASS">
          <reporter-output>
          </reporter-output>
        </test-method> <!-- closebrowser -->
      </class> <!-- DemoMaven.Test3 -->
    </test> <!-- Test -->
  </suite> <!-- Suite -->
</testng-results>
